
> typhoon-ocr-studio-client@0.1.0 dev
> next dev --webpack

▲ Next.js 16.2.1 (webpack)
- Local:         http://localhost:3000
- Network:       http://172.20.10.2:3000
✓ Ready in 514ms
- Experiments (use with caution):
  · optimizePackageImports

○ Compiling / ...
 GET / 200 in 7.3s (next.js: 6.4s, application-code: 847ms)
○ Compiling /imports/[importId] ...
 GET /imports-new/09fa95142c1f4ff082863e4437782527 200 in 4.9s (next.js: 4.3s, application-code: 640ms)
 GET /imports/09fa95142c1f4ff082863e4437782527 200 in 4.9s (next.js: 4.5s, application-code: 377ms)
 GET / 200 in 439ms (next.js: 21ms, application-code: 418ms)
 GET /imports-new/09fa95142c1f4ff082863e4437782527 200 in 52ms (next.js: 21ms, application-code: 31ms)
 GET / 200 in 19ms (next.js: 2ms, application-code: 17ms)
 GET /upload-file 200 in 2.4s (next.js: 2.3s, application-code: 39ms)
 GET / 200 in 41ms (next.js: 17ms, application-code: 24ms)
 GET / 200 in 824ms (next.js: 4ms, application-code: 820ms)
 GET / 200 in 59ms (next.js: 4ms, application-code: 55ms)
 GET / 200 in 56ms (next.js: 4ms, application-code: 52ms)
 GET / 200 in 54ms (next.js: 3ms, application-code: 51ms)
 GET /upload-file 200 in 29ms (next.js: 3ms, application-code: 26ms)
 GET / 200 in 28ms (next.js: 3ms, application-code: 25ms)
 GET /imports-new/047afe5be6e34c40b96c67b298869d87 200 in 82ms (next.js: 39ms, application-code: 43ms)
 GET / 200 in 28ms (next.js: 2ms, application-code: 25ms)
 GET /imports-new/047afe5be6e34c40b96c67b298869d87 200 in 35ms (next.js: 11ms, application-code: 25ms)
 GET / 200 in 29ms (next.js: 3ms, application-code: 26ms)
 GET /upload-file 200 in 18ms (next.js: 1879µs, application-code: 16ms)
 GET / 200 in 42ms (next.js: 3ms, application-code: 39ms)
 GET /imports-new/7903bb696ce74312a596e3b5114ea28d 200 in 55ms (next.js: 14ms, application-code: 41ms)
 GET / 200 in 25ms (next.js: 3ms, application-code: 22ms)
